<?xml version="1.0" encoding="UTF-8"?>
<!-- Generated by org.testng.reporters.JUnitXMLReporter -->
<testsuite hostname="DESKTOP-421PR1V" ignored="0" name="Default test" tests="3" failures="0" timestamp="2020-10-04T19:00:55 IST" time="0.781" errors="0">
  <testcase name="aMethod" time="0.007" classname="com.seleniumAutomation.automate.PriorityOfTestCases"/>
  <testcase name="testsPriority" time="0.001" classname="com.seleniumAutomation.automate.PriorityOfTestCases"/>
  <testcase name="kMethod" time="0.004" classname="com.seleniumAutomation.automate.PriorityOfTestCases"/>
</testsuite> <!-- Default test -->
